#
# There is insufficient memory for the Java Runtime Environment to continue.
# Native memory allocation (malloc) failed to allocate 1081136 bytes. Error detail: Chunk::new
# Possible reasons:
#   The system is out of physical RAM or swap space
#   This process is running with CompressedOops enabled, and the Java Heap may be blocking the growth of the native heap
# Possible solutions:
#   Reduce memory load on the system
#   Increase physical memory or swap space
#   Check if swap backing store is full
#   Decrease Java heap size (-Xmx/-Xms)
#   Decrease number of Java threads
#   Decrease Java thread stack sizes (-Xss)
#   Set larger code cache with -XX:ReservedCodeCacheSize=
#   JVM is running with Unscaled Compressed Oops mode in which the Java heap is
#     placed in the first 4GB address space. The Java Heap base address is the
#     maximum limit for the native heap growth. Please use -XX:HeapBaseMinAddress
#     to set the Java Heap base and to place the Java Heap above 4GB virtual address.
# This output file may be truncated or incomplete.
#
#  Out of Memory Error (arena.cpp:168), pid=137676, tid=131320
#
# JRE version: OpenJDK Runtime Environment (21.0.7) (build 21.0.7+-13880790-b1038.58)
# Java VM: OpenJDK 64-Bit Server VM (21.0.7+-13880790-b1038.58, mixed mode, tiered, compressed oops, compressed class ptrs, g1 gc, windows-amd64)
# No core dump will be written. Minidumps are not enabled by default on client versions of Windows
#

---------------  S U M M A R Y ------------

Command Line: --add-opens=java.base/java.lang=ALL-UNNAMED --add-opens=java.base/java.lang.invoke=ALL-UNNAMED --add-opens=java.base/java.util=ALL-UNNAMED --add-opens=java.prefs/java.util.prefs=ALL-UNNAMED --add-exports=jdk.compiler/com.sun.tools.javac.api=ALL-UNNAMED --add-exports=jdk.compiler/com.sun.tools.javac.util=ALL-UNNAMED --add-opens=java.base/java.util=ALL-UNNAMED --add-opens=java.prefs/java.util.prefs=ALL-UNNAMED --add-opens=java.base/java.nio.charset=ALL-UNNAMED --add-opens=java.base/java.net=ALL-UNNAMED --add-opens=java.base/java.util.concurrent.atomic=ALL-UNNAMED --add-opens=java.xml/javax.xml.namespace=ALL-UNNAMED -Xmx2048m -Dfile.encoding=UTF-8 -Duser.country=US -Duser.language=en -Duser.variant -javaagent:C:\Users\Manish\.gradle\wrapper\dists\gradle-8.13-bin\5xuhj0ry160q40clulazy9h7d\gradle-8.13\lib\agents\gradle-instrumentation-agent-8.13.jar org.gradle.launcher.daemon.bootstrap.GradleDaemon 8.13

Host: AMD Ryzen 5 4500U with Radeon Graphics         , 6 cores, 7G,  Windows 11 , 64 bit Build 26100 (10.0.26100.7019)
Time: Sun Nov 16 06:38:28 2025 Nepal Standard Time elapsed time: 6.496308 seconds (0d 0h 0m 6s)

---------------  T H R E A D  ---------------

Current thread (0x0000020cd11a8e30):  JavaThread "C2 CompilerThread0" daemon [_thread_in_native, id=131320, stack(0x000000f0f4100000,0x000000f0f4200000) (1024K)]


Current CompileTask:
C2:6496 2846       4       java.lang.invoke.MethodType::makeImpl (109 bytes)

Stack: [0x000000f0f4100000,0x000000f0f4200000]
Native frames: (J=compiled Java code, j=interpreted, Vv=VM code, C=native code)
V  [jvm.dll+0x6d25c9]
V  [jvm.dll+0x860923]
V  [jvm.dll+0x862e7e]
V  [jvm.dll+0x863563]
V  [jvm.dll+0x27f156]
V  [jvm.dll+0xc002d]
V  [jvm.dll+0xc0563]
V  [jvm.dll+0x2f31f0]
V  [jvm.dll+0x5fc309]
V  [jvm.dll+0x250f82]
V  [jvm.dll+0x25133f]
V  [jvm.dll+0x249ae5]
V  [jvm.dll+0x24733e]
V  [jvm.dll+0x1c5fb4]
V  [jvm.dll+0x256bac]
V  [jvm.dll+0x2550f6]
V  [jvm.dll+0x3f1d16]
V  [jvm.dll+0x808d08]
V  [jvm.dll+0x6d0e1d]
C  [ucrtbase.dll+0x37b0]
C  [KERNEL32.DLL+0x2e8d7]
C  [ntdll.dll+0x8c53c]


---------------  P R O C E S S  ---------------

Threads class SMR info:
_java_thread_list=0x0000020cd72714e0, length=25, elements={
0x0000020cb93eff90, 0x0000020cd116c650, 0x0000020cd11703f0, 0x0000020cd116f5e0,
0x0000020cd11948c0, 0x0000020cd119db20, 0x0000020cd119f0f0, 0x0000020cd11a46d0,
0x0000020cd11a8e30, 0x0000020cd11acdd0, 0x0000020cd1489da0, 0x0000020cd70d87f0,
0x0000020cd7ffef70, 0x0000020cd8025d10, 0x0000020cd6ffe5d0, 0x0000020cd6ffec40,
0x0000020cd7039020, 0x0000020cd70751c0, 0x0000020cd7071d40, 0x0000020cd70730f0,
0x0000020cd7073e10, 0x0000020cd70723d0, 0x0000020cd7073780, 0x0000020cd70744a0,
0x0000020cd744fec0
}

Java Threads: ( => current thread )
  0x0000020cb93eff90 JavaThread "main"                              [_thread_blocked, id=139172, stack(0x000000f0f3200000,0x000000f0f3300000) (1024K)]
  0x0000020cd116c650 JavaThread "Common-Cleaner"             daemon [_thread_blocked, id=128536, stack(0x000000f0f3a00000,0x000000f0f3b00000) (1024K)]
  0x0000020cd11703f0 JavaThread "Reference Handler"          daemon [_thread_blocked, id=21452, stack(0x000000f0f3b00000,0x000000f0f3c00000) (1024K)]
  0x0000020cd116f5e0 JavaThread "Finalizer"                  daemon [_thread_blocked, id=27280, stack(0x000000f0f3c00000,0x000000f0f3d00000) (1024K)]
  0x0000020cd11948c0 JavaThread "Signal Dispatcher"          daemon [_thread_blocked, id=134380, stack(0x000000f0f3d00000,0x000000f0f3e00000) (1024K)]
  0x0000020cd119db20 JavaThread "Attach Listener"            daemon [_thread_blocked, id=141756, stack(0x000000f0f3e00000,0x000000f0f3f00000) (1024K)]
  0x0000020cd119f0f0 JavaThread "Service Thread"             daemon [_thread_blocked, id=138844, stack(0x000000f0f3f00000,0x000000f0f4000000) (1024K)]
  0x0000020cd11a46d0 JavaThread "Monitor Deflation Thread"   daemon [_thread_blocked, id=140524, stack(0x000000f0f4000000,0x000000f0f4100000) (1024K)]
=>0x0000020cd11a8e30 JavaThread "C2 CompilerThread0"         daemon [_thread_in_native, id=131320, stack(0x000000f0f4100000,0x000000f0f4200000) (1024K)]
  0x0000020cd11acdd0 JavaThread "C1 CompilerThread0"         daemon [_thread_blocked, id=139276, stack(0x000000f0f4200000,0x000000f0f4300000) (1024K)]
  0x0000020cd1489da0 JavaThread "Notification Thread"        daemon [_thread_blocked, id=139092, stack(0x000000f0f4300000,0x000000f0f4400000) (1024K)]
  0x0000020cd70d87f0 JavaThread "Daemon health stats"               [_thread_blocked, id=137056, stack(0x000000f0f4600000,0x000000f0f4700000) (1024K)]
  0x0000020cd7ffef70 JavaThread "Incoming local TCP Connector on port 62068"        [_thread_in_native, id=136724, stack(0x000000f0f4900000,0x000000f0f4a00000) (1024K)]
  0x0000020cd8025d10 JavaThread "Daemon periodic checks"            [_thread_blocked, id=138764, stack(0x000000f0f4a00000,0x000000f0f4b00000) (1024K)]
  0x0000020cd6ffe5d0 JavaThread "Daemon"                            [_thread_blocked, id=115096, stack(0x000000f0f4c00000,0x000000f0f4d00000) (1024K)]
  0x0000020cd6ffec40 JavaThread "Handler for socket connection from /127.0.0.1:62068 to /127.0.0.1:62070"        [_thread_in_native, id=126424, stack(0x000000f0f4d00000,0x000000f0f4e00000) (1024K)]
  0x0000020cd7039020 JavaThread "Cancel handler"                    [_thread_blocked, id=143112, stack(0x000000f0f4e00000,0x000000f0f4f00000) (1024K)]
  0x0000020cd70751c0 JavaThread "Daemon worker"                     [_thread_in_native, id=137332, stack(0x000000f0f4f00000,0x000000f0f5000000) (1024K)]
  0x0000020cd7071d40 JavaThread "Asynchronous log dispatcher for DefaultDaemonConnection: socket connection from /127.0.0.1:62068 to /127.0.0.1:62070"        [_thread_blocked, id=127032, stack(0x000000f0f5000000,0x000000f0f5100000) (1024K)]
  0x0000020cd70730f0 JavaThread "Stdin handler"                     [_thread_blocked, id=143168, stack(0x000000f0f5100000,0x000000f0f5200000) (1024K)]
  0x0000020cd7073e10 JavaThread "Daemon client event forwarder"        [_thread_blocked, id=142880, stack(0x000000f0f5200000,0x000000f0f5300000) (1024K)]
  0x0000020cd70723d0 JavaThread "Cache worker for journal cache (C:\Users\Manish\.gradle\caches\journal-1)"        [_thread_blocked, id=140828, stack(0x000000f0f5400000,0x000000f0f5500000) (1024K)]
  0x0000020cd7073780 JavaThread "File lock request listener"        [_thread_in_native, id=135452, stack(0x000000f0f5500000,0x000000f0f5600000) (1024K)]
  0x0000020cd70744a0 JavaThread "Cache worker for file hash cache (C:\Users\Manish\.gradle\caches\8.13\fileHashes)"        [_thread_blocked, id=138944, stack(0x000000f0f5600000,0x000000f0f5700000) (1024K)]
  0x0000020cd744fec0 JavaThread "C2 CompilerThread1"         daemon [_thread_in_native, id=140340, stack(0x000000f0f5700000,0x000000f0f5800000) (1024K)]
Total: 25

Other Threads:
  0x0000020cd0fbe420 VMThread "VM Thread"                           [id=128340, stack(0x000000f0f3900000,0x000000f0f3a00000) (1024K)]
  0x0000020cd0f596d0 WatcherThread "VM Periodic Task Thread"        [id=133252, stack(0x000000f0f3800000,0x000000f0f3900000) (1024K)]
  0x0000020cb9446040 WorkerThread "GC Thread#0"                     [id=143092, stack(0x000000f0f3300000,0x000000f0f3400000) (1024K)]
  0x0000020cd14936c0 WorkerThread "GC Thread#1"                     [id=136600, stack(0x000000f0f4400000,0x000000f0f4500000) (1024K)]
  0x0000020cd16896e0 WorkerThread "GC Thread#2"                     [id=125292, stack(0x000000f0f4500000,0x000000f0f4600000) (1024K)]
  0x0000020cd6596c50 WorkerThread "GC Thread#3"                     [id=132652, stack(0x000000f0f4700000,0x000000f0f4800000) (1024K)]
  0x0000020cd670bda0 WorkerThread "GC Thread#4"                     [id=136940, stack(0x000000f0f4800000,0x000000f0f4900000) (1024K)]
  0x0000020cd8026b90 WorkerThread "GC Thread#5"                     [id=142900, stack(0x000000f0f4b00000,0x000000f0f4c00000) (1024K)]
  0x0000020cb79fd2d0 ConcurrentGCThread "G1 Main Marker"            [id=141744, stack(0x000000f0f3400000,0x000000f0f3500000) (1024K)]
  0x0000020cb79fdce0 WorkerThread "G1 Conc#0"                       [id=136088, stack(0x000000f0f3500000,0x000000f0f3600000) (1024K)]
  0x0000020cd70763e0 WorkerThread "G1 Conc#1"                       [id=131980, stack(0x000000f0f5300000,0x000000f0f5400000) (1024K)]
  0x0000020cd0e2a080 ConcurrentGCThread "G1 Refine#0"               [id=142724, stack(0x000000f0f3600000,0x000000f0f3700000) (1024K)]
  0x0000020cd0e2c8c0 ConcurrentGCThread "G1 Service"                [id=140620, stack(0x000000f0f3700000,0x000000f0f3800000) (1024K)]
Total: 13

Threads with active compile tasks:
C2 CompilerThread0  6576 2846       4       java.lang.invoke.MethodType::makeImpl (109 bytes)
C2 CompilerThread1  6576 2844       4       java.net.URLClassLoader$1::run (5 bytes)
Total: 2

VM state: not at safepoint (normal execution)

VM Mutex/Monitor currently owned by a thread: None

Heap address: 0x0000000080000000, size: 2048 MB, Compressed Oops mode: 32-bit

CDS archive(s) not mapped
Compressed class space mapped at: 0x0000000100000000-0x0000000140000000, reserved size: 1073741824
Narrow klass base: 0x0000000000000000, Narrow klass shift: 3, Narrow klass range: 0x140000000

GC Precious Log:
 CardTable entry size: 512
 Card Set container configuration: InlinePtr #cards 5 size 8 Array Of Cards #cards 12 size 40 Howl #buckets 4 coarsen threshold 1843 Howl Bitmap #cards 512 size 80 coarsen threshold 460 Card regions per heap region 1 cards per card region 2048
 CPUs: 6 total, 6 available
 Memory: 7541M
 Large Page Support: Disabled
 NUMA Support: Disabled
 Compressed Oops: Enabled (32-bit)
 Heap Region Size: 1M
 Heap Min Capacity: 8M
 Heap Initial Capacity: 118M
 Heap Max Capacity: 2G
 Pre-touch: Disabled
 Parallel Workers: 6
 Concurrent Workers: 2
 Concurrent Refinement Workers: 6
 Periodic GC: Disabled

Heap:
 garbage-first heap   total 71680K, used 27402K [0x0000000080000000, 0x0000000100000000)
  region size 1024K, 9 young (9216K), 3 survivors (3072K)
 Metaspace       used 28318K, committed 28864K, reserved 1114112K
  class space    used 3602K, committed 3840K, reserved 1048576K

Heap Regions: E=young(eden), S=young(survivor), O=old, HS=humongous(starts), HC=humongous(continues), CS=collection set, F=free, TAMS=top-at-mark-start, PB=parsable bottom
|   0|0x0000000080000000, 0x0000000080100000, 0x0000000080100000|100%|HS|  |TAMS 0x0000000080000000| PB 0x0000000080000000| Complete 
|   1|0x0000000080100000, 0x0000000080200000, 0x0000000080200000|100%|HC|  |TAMS 0x0000000080100000| PB 0x0000000080100000| Complete 
|   2|0x0000000080200000, 0x0000000080300000, 0x0000000080300000|100%|HC|  |TAMS 0x0000000080200000| PB 0x0000000080200000| Complete 
|   3|0x0000000080300000, 0x0000000080400000, 0x0000000080400000|100%| O|  |TAMS 0x0000000080300000| PB 0x0000000080300000| Untracked 
|   4|0x0000000080400000, 0x0000000080500000, 0x0000000080500000|100%| O|  |TAMS 0x0000000080400000| PB 0x0000000080400000| Untracked 
|   5|0x0000000080500000, 0x0000000080600000, 0x0000000080600000|100%| O|  |TAMS 0x0000000080500000| PB 0x0000000080500000| Untracked 
|   6|0x0000000080600000, 0x0000000080700000, 0x0000000080700000|100%|HS|  |TAMS 0x0000000080600000| PB 0x0000000080600000| Complete 
|   7|0x0000000080700000, 0x0000000080800000, 0x0000000080800000|100%| O|  |TAMS 0x0000000080700000| PB 0x0000000080700000| Untracked 
|   8|0x0000000080800000, 0x0000000080900000, 0x0000000080900000|100%| O|  |TAMS 0x0000000080800000| PB 0x0000000080800000| Untracked 
|   9|0x0000000080900000, 0x0000000080a00000, 0x0000000080a00000|100%| O|  |TAMS 0x0000000080900000| PB 0x0000000080900000| Untracked 
|  10|0x0000000080a00000, 0x0000000080b00000, 0x0000000080b00000|100%| O|  |TAMS 0x0000000080a00000| PB 0x0000000080a00000| Untracked 
|  11|0x0000000080b00000, 0x0000000080c00000, 0x0000000080c00000|100%| O|  |TAMS 0x0000000080b00000| PB 0x0000000080b00000| Untracked 
|  12|0x0000000080c00000, 0x0000000080d00000, 0x0000000080d00000|100%| O|  |TAMS 0x0000000080c00000| PB 0x0000000080c00000| Untracked 
|  13|0x0000000080d00000, 0x0000000080e00000, 0x0000000080e00000|100%| O|  |TAMS 0x0000000080d00000| PB 0x0000000080d00000| Untracked 
|  14|0x0000000080e00000, 0x0000000080e26070, 0x0000000080f00000| 14%| O|Cm|TAMS 0x0000000080e00000| PB 0x0000000080e00000| Complete 
|  15|0x0000000080f00000, 0x0000000081000000, 0x0000000081000000|100%| O|  |TAMS 0x0000000080f00000| PB 0x0000000080f00000| Untracked 
|  16|0x0000000081000000, 0x0000000081100000, 0x0000000081100000|100%| O|  |TAMS 0x0000000081000000| PB 0x0000000081000000| Untracked 
|  17|0x0000000081100000, 0x0000000081200000, 0x0000000081200000|100%| O|  |TAMS 0x0000000081100000| PB 0x0000000081100000| Untracked 
|  18|0x0000000081200000, 0x0000000081300000, 0x0000000081300000|100%| O|  |TAMS 0x0000000081200000| PB 0x0000000081200000| Untracked 
|  19|0x0000000081300000, 0x00000000813a7c00, 0x0000000081400000| 65%| O|  |TAMS 0x0000000081300000| PB 0x0000000081300000| Untracked 
|  20|0x0000000081400000, 0x0000000081400000, 0x0000000081500000|  0%| F|  |TAMS 0x0000000081400000| PB 0x0000000081400000| Untracked 
|  21|0x0000000081500000, 0x0000000081500000, 0x0000000081600000|  0%| F|  |TAMS 0x0000000081500000| PB 0x0000000081500000| Untracked 
|  22|0x0000000081600000, 0x0000000081600000, 0x0000000081700000|  0%| F|  |TAMS 0x0000000081600000| PB 0x0000000081600000| Untracked 
|  23|0x0000000081700000, 0x0000000081700000, 0x0000000081800000|  0%| F|  |TAMS 0x0000000081700000| PB 0x0000000081700000| Untracked 
|  24|0x0000000081800000, 0x0000000081800000, 0x0000000081900000|  0%| F|  |TAMS 0x0000000081800000| PB 0x0000000081800000| Untracked 
|  25|0x0000000081900000, 0x00000000819f4f88, 0x0000000081a00000| 95%| S|CS|TAMS 0x0000000081900000| PB 0x0000000081900000| Complete 
|  26|0x0000000081a00000, 0x0000000081b00000, 0x0000000081b00000|100%| S|CS|TAMS 0x0000000081a00000| PB 0x0000000081a00000| Complete 
|  27|0x0000000081b00000, 0x0000000081c00000, 0x0000000081c00000|100%| S|CS|TAMS 0x0000000081b00000| PB 0x0000000081b00000| Complete 
|  28|0x0000000081c00000, 0x0000000081c00000, 0x0000000081d00000|  0%| F|  |TAMS 0x0000000081c00000| PB 0x0000000081c00000| Untracked 
|  29|0x0000000081d00000, 0x0000000081d00000, 0x0000000081e00000|  0%| F|  |TAMS 0x0000000081d00000| PB 0x0000000081d00000| Untracked 
|  30|0x0000000081e00000, 0x0000000081e00000, 0x0000000081f00000|  0%| F|  |TAMS 0x0000000081e00000| PB 0x0000000081e00000| Untracked 
|  31|0x0000000081f00000, 0x0000000081f00000, 0x0000000082000000|  0%| F|  |TAMS 0x0000000081f00000| PB 0x0000000081f00000| Untracked 
|  32|0x0000000082000000, 0x0000000082000000, 0x0000000082100000|  0%| F|  |TAMS 0x0000000082000000| PB 0x0000000082000000| Untracked 
|  33|0x0000000082100000, 0x0000000082100000, 0x0000000082200000|  0%| F|  |TAMS 0x0000000082100000| PB 0x0000000082100000| Untracked 
|  34|0x0000000082200000, 0x0000000082200000, 0x0000000082300000|  0%| F|  |TAMS 0x0000000082200000| PB 0x0000000082200000| Untracked 
|  35|0x0000000082300000, 0x0000000082300000, 0x0000000082400000|  0%| F|  |TAMS 0x0000000082300000| PB 0x0000000082300000| Untracked 
|  36|0x0000000082400000, 0x0000000082400000, 0x0000000082500000|  0%| F|  |TAMS 0x0000000082400000| PB 0x0000000082400000| Untracked 
|  37|0x0000000082500000, 0x0000000082500000, 0x0000000082600000|  0%| F|  |TAMS 0x0000000082500000| PB 0x0000000082500000| Untracked 
|  38|0x0000000082600000, 0x0000000082600000, 0x0000000082700000|  0%| F|  |TAMS 0x0000000082600000| PB 0x0000000082600000| Untracked 
|  39|0x0000000082700000, 0x0000000082700000, 0x0000000082800000|  0%| F|  |TAMS 0x0000000082700000| PB 0x0000000082700000| Untracked 
|  40|0x0000000082800000, 0x0000000082800000, 0x0000000082900000|  0%| F|  |TAMS 0x0000000082800000| PB 0x0000000082800000| Untracked 
|  41|0x0000000082900000, 0x0000000082900000, 0x0000000082a00000|  0%| F|  |TAMS 0x0000000082900000| PB 0x0000000082900000| Untracked 
|  42|0x0000000082a00000, 0x0000000082a00000, 0x0000000082b00000|  0%| F|  |TAMS 0x0000000082a00000| PB 0x0000000082a00000| Untracked 
|  43|0x0000000082b00000, 0x0000000082b00000, 0x0000000082c00000|  0%| F|  |TAMS 0x0000000082b00000| PB 0x0000000082b00000| Untracked 
|  44|0x0000000082c00000, 0x0000000082c00000, 0x0000000082d00000|  0%| F|  |TAMS 0x0000000082c00000| PB 0x0000000082c00000| Untracked 
|  45|0x0000000082d00000, 0x0000000082d00000, 0x0000000082e00000|  0%| F|  |TAMS 0x0000000082d00000| PB 0x0000000082d00000| Untracked 
|  46|0x0000000082e00000, 0x0000000082e00000, 0x0000000082f00000|  0%| F|  |TAMS 0x0000000082e00000| PB 0x0000000082e00000| Untracked 
|  47|0x0000000082f00000, 0x0000000082f00000, 0x0000000083000000|  0%| F|  |TAMS 0x0000000082f00000| PB 0x0000000082f00000| Untracked 
|  48|0x0000000083000000, 0x0000000083000000, 0x0000000083100000|  0%| F|  |TAMS 0x0000000083000000| PB 0x0000000083000000| Untracked 
|  49|0x0000000083100000, 0x0000000083100000, 0x0000000083200000|  0%| F|  |TAMS 0x0000000083100000| PB 0x0000000083100000| Untracked 
|  50|0x0000000083200000, 0x0000000083200000, 0x0000000083300000|  0%| F|  |TAMS 0x0000000083200000| PB 0x0000000083200000| Untracked 
|  51|0x0000000083300000, 0x0000000083300000, 0x0000000083400000|  0%| F|  |TAMS 0x0000000083300000| PB 0x0000000083300000| Untracked 
|  52|0x0000000083400000, 0x0000000083400000, 0x0000000083500000|  0%| F|  |TAMS 0x0000000083400000| PB 0x0000000083400000| Untracked 
|  53|0x0000000083500000, 0x0000000083500000, 0x0000000083600000|  0%| F|  |TAMS 0x0000000083500000| PB 0x0000000083500000| Untracked 
|  54|0x0000000083600000, 0x0000000083600000, 0x0000000083700000|  0%| F|  |TAMS 0x0000000083600000| PB 0x0000000083600000| Untracked 
|  55|0x0000000083700000, 0x0000000083700000, 0x0000000083800000|  0%| F|  |TAMS 0x0000000083700000| PB 0x0000000083700000| Untracked 
|  56|0x0000000083800000, 0x0000000083800000, 0x0000000083900000|  0%| F|  |TAMS 0x0000000083800000| PB 0x0000000083800000| Untracked 
|  57|0x0000000083900000, 0x0000000083900000, 0x0000000083a00000|  0%| F|  |TAMS 0x0000000083900000| PB 0x0000000083900000| Untracked 
|  58|0x0000000083a00000, 0x0000000083a00000, 0x0000000083b00000|  0%| F|  |TAMS 0x0000000083a00000| PB 0x0000000083a00000| Untracked 
|  59|0x0000000083b00000, 0x0000000083b00000, 0x0000000083c00000|  0%| F|  |TAMS 0x0000000083b00000| PB 0x0000000083b00000| Untracked 
|  60|0x0000000083c00000, 0x0000000083c00000, 0x0000000083d00000|  0%| F|  |TAMS 0x0000000083c00000| PB 0x0000000083c00000| Untracked 
|  61|0x0000000083d00000, 0x0000000083d00000, 0x0000000083e00000|  0%| F|  |TAMS 0x0000000083d00000| PB 0x0000000083d00000| Untracked 
|  62|0x0000000083e00000, 0x0000000083e00000, 0x0000000083f00000|  0%| F|  |TAMS 0x0000000083e00000| PB 0x0000000083e00000| Untracked 
| 101|0x0000000086500000, 0x0000000086500000, 0x0000000086600000|  0%| F|  |TAMS 0x0000000086500000| PB 0x0000000086500000| Untracked 
| 102|0x0000000086600000, 0x000000008667b538, 0x0000000086700000| 48%| E|  |TAMS 0x0000000086600000| PB 0x0000000086600000| Complete 
| 103|0x0000000086700000, 0x0000000086800000, 0x0000000086800000|100%| E|CS|TAMS 0x0000000086700000| PB 0x0000000086700000| Complete 
| 104|0x0000000086800000, 0x0000000086900000, 0x0000000086900000|100%| E|CS|TAMS 0x0000000086800000| PB 0x0000000086800000| Complete 
| 105|0x0000000086900000, 0x0000000086a00000, 0x0000000086a00000|100%| E|CS|TAMS 0x0000000086900000| PB 0x0000000086900000| Complete 
| 106|0x0000000086a00000, 0x0000000086b00000, 0x0000000086b00000|100%| E|CS|TAMS 0x0000000086a00000| PB 0x0000000086a00000| Complete 
| 117|0x0000000087500000, 0x0000000087600000, 0x0000000087600000|100%| E|CS|TAMS 0x0000000087500000| PB 0x0000000087500000| Complete 

Card table byte_map: [0x0000020ccc2d0000,0x0000020ccc6d0000] _byte_map_base: 0x0000020ccbed0000

Marking Bits: (CMBitMap*) 0x0000020cb9446650
 Bits: [0x0000020ccc6d0000, 0x0000020cce6d0000)

Polling page: 0x0000020cbc660000

Metaspace:

Usage:
  Non-class:     24.14 MB used.
      Class:      3.52 MB used.
       Both:     27.66 MB used.

Virtual space:
  Non-class space:       64.00 MB reserved,      24.44 MB ( 38%) committed,  1 nodes.
      Class space:        1.00 GB reserved,       3.75 MB ( <1%) committed,  1 nodes.
             Both:        1.06 GB reserved,      28.19 MB (  3%) committed. 

Chunk freelists:
   Non-Class:  7.20 MB
       Class:  12.30 MB
        Both:  19.50 MB

MaxMetaspaceSize: unlimited
CompressedClassSpaceSize: 1.00 GB
Initial GC threshold: 21.00 MB
Current GC threshold: 35.25 MB
CDS: off
 - commit_granule_bytes: 65536.
 - commit_granule_words: 8192.
 - virtual_space_node_default_size: 8388608.
 - enlarge_chunks_in_place: 1.
 - use_allocation_guard: 0.


Internal statistics:

num_allocs_failed_limit: 3.
num_arena_births: 652.
num_arena_deaths: 0.
num_vsnodes_births: 2.
num_vsnodes_deaths: 0.
num_space_committed: 451.
num_space_uncommitted: 0.
num_chunks_returned_to_freelist: 3.
num_chunks_taken_from_freelist: 1377.
num_chunk_merges: 3.
num_chunk_splits: 884.
num_chunks_enlarged: 588.
num_inconsistent_stats: 0.

CodeHeap 'non-profiled nmethods': size=120000Kb used=1407Kb max_used=1407Kb free=118592Kb
 bounds [0x0000020cc4150000, 0x0000020cc43c0000, 0x0000020ccb680000]
CodeHeap 'profiled nmethods': size=120000Kb used=5726Kb max_used=5726Kb free=114274Kb
 bounds [0x0000020cbc680000, 0x0000020cbcc20000, 0x0000020cc3bb0000]
CodeHeap 'non-nmethods': size=5760Kb used=1482Kb max_used=1521Kb free=4277Kb
 bounds [0x0000020cc3bb0000, 0x0000020cc3e20000, 0x0000020cc4150000]
 total_blobs=3438 nmethods=2863 adapters=479
 compilation: enabled
              stopped_count=0, restarted_count=0
 full_count=0

Compilation events (20 events):
Event: 6.274 Thread 0x0000020cd11acdd0 2854       3       com.google.common.base.Preconditions::checkArgument (28 bytes)
Event: 6.274 Thread 0x0000020cd11acdd0 nmethod 2854 0x0000020cbcc0f010 code [0x0000020cbcc0f200, 0x0000020cbcc0f7f0]
Event: 6.274 Thread 0x0000020cd11acdd0 2855       3       com.google.common.io.BaseEncoding$Alphabet::encode (7 bytes)
Event: 6.275 Thread 0x0000020cd11acdd0 nmethod 2855 0x0000020cbcc0fa10 code [0x0000020cbcc0fbc0, 0x0000020cbcc0fd00]
Event: 6.287 Thread 0x0000020cd11acdd0 2857       1       sun.reflect.generics.repository.AbstractRepository::getFactory (5 bytes)
Event: 6.287 Thread 0x0000020cd11acdd0 nmethod 2857 0x0000020cc42af610 code [0x0000020cc42af7a0, 0x0000020cc42af868]
Event: 6.288 Thread 0x0000020cd11acdd0 2859       3       org.gradle.internal.service.DefaultServiceRegistry::isAssignableFromAnyType (41 bytes)
Event: 6.288 Thread 0x0000020cd11acdd0 nmethod 2859 0x0000020cbcc0fe10 code [0x0000020cbcc10020, 0x0000020cbcc10580]
Event: 6.288 Thread 0x0000020cd11acdd0 2858       3       org.gradle.internal.service.DefaultServiceRegistry::access$1500 (6 bytes)
Event: 6.288 Thread 0x0000020cd11acdd0 nmethod 2858 0x0000020cbcc10710 code [0x0000020cbcc108c0, 0x0000020cbcc109d8]
Event: 6.288 Thread 0x0000020cd11acdd0 2860       3       org.gradle.internal.service.DefaultServiceRegistry$CollectingVisitor::visit (25 bytes)
Event: 6.289 Thread 0x0000020cd11acdd0 nmethod 2860 0x0000020cbcc10a90 code [0x0000020cbcc10c60, 0x0000020cbcc10f30]
Event: 6.293 Thread 0x0000020cd11acdd0 2861   !   3       org.gradle.internal.classloader.TransformingClassLoader::findClass (203 bytes)
Event: 6.296 Thread 0x0000020cd11acdd0 nmethod 2861 0x0000020cbcc11010 code [0x0000020cbcc11520, 0x0000020cbcc137a8]
Event: 6.296 Thread 0x0000020cd11acdd0 2862       3       org.gradle.initialization.MixInLegacyTypesClassLoader::shouldTransform (42 bytes)
Event: 6.296 Thread 0x0000020cd11acdd0 nmethod 2862 0x0000020cbcc14790 code [0x0000020cbcc14960, 0x0000020cbcc14d28]
Event: 6.338 Thread 0x0000020cd11acdd0 2863       3       org.gradle.internal.service.DefaultServiceRegistry$SingletonService::<init> (58 bytes)
Event: 6.339 Thread 0x0000020cd11acdd0 nmethod 2863 0x0000020cbcc14f10 code [0x0000020cbcc15180, 0x0000020cbcc15cc8]
Event: 6.364 Thread 0x0000020cd11acdd0 2864       3       jdk.internal.loader.BuiltinClassLoader::loadClassOrNull (7 bytes)
Event: 6.364 Thread 0x0000020cd11acdd0 nmethod 2864 0x0000020cbcc16010 code [0x0000020cbcc161c0, 0x0000020cbcc16388]

GC Heap History (10 events):
Event: 0.828 GC heap before
{Heap before GC invocations=0 (full 0):
 garbage-first heap   total 120832K, used 20480K [0x0000000080000000, 0x0000000100000000)
  region size 1024K, 21 young (21504K), 0 survivors (0K)
 Metaspace       used 7541K, committed 7744K, reserved 1114112K
  class space    used 684K, committed 768K, reserved 1048576K
}
Event: 0.834 GC heap after
{Heap after GC invocations=1 (full 0):
 garbage-first heap   total 120832K, used 1408K [0x0000000080000000, 0x0000000100000000)
  region size 1024K, 2 young (2048K), 2 survivors (2048K)
 Metaspace       used 7541K, committed 7744K, reserved 1114112K
  class space    used 684K, committed 768K, reserved 1048576K
}
Event: 2.404 GC heap before
{Heap before GC invocations=1 (full 0):
 garbage-first heap   total 120832K, used 37248K [0x0000000080000000, 0x0000000100000000)
  region size 1024K, 35 young (35840K), 2 survivors (2048K)
 Metaspace       used 12299K, committed 12480K, reserved 1114112K
  class space    used 1316K, committed 1408K, reserved 1048576K
}
Event: 2.416 GC heap after
{Heap after GC invocations=2 (full 0):
 garbage-first heap   total 120832K, used 10804K [0x0000000080000000, 0x0000000100000000)
  region size 1024K, 5 young (5120K), 5 survivors (5120K)
 Metaspace       used 12299K, committed 12480K, reserved 1114112K
  class space    used 1316K, committed 1408K, reserved 1048576K
}
Event: 4.703 GC heap before
{Heap before GC invocations=2 (full 0):
 garbage-first heap   total 120832K, used 79412K [0x0000000080000000, 0x0000000100000000)
  region size 1024K, 70 young (71680K), 5 survivors (5120K)
 Metaspace       used 19469K, committed 19840K, reserved 1114112K
  class space    used 2239K, committed 2432K, reserved 1048576K
}
Event: 4.716 GC heap after
{Heap after GC invocations=3 (full 0):
 garbage-first heap   total 120832K, used 18971K [0x0000000080000000, 0x0000000100000000)
  region size 1024K, 9 young (9216K), 9 survivors (9216K)
 Metaspace       used 19469K, committed 19840K, reserved 1114112K
  class space    used 2239K, committed 2432K, reserved 1048576K
}
Event: 5.055 GC heap before
{Heap before GC invocations=3 (full 0):
 garbage-first heap   total 120832K, used 29211K [0x0000000080000000, 0x0000000100000000)
  region size 1024K, 20 young (20480K), 9 survivors (9216K)
 Metaspace       used 21226K, committed 21504K, reserved 1114112K
  class space    used 2506K, committed 2624K, reserved 1048576K
}
Event: 5.061 GC heap after
{Heap after GC invocations=4 (full 0):
 garbage-first heap   total 120832K, used 20555K [0x0000000080000000, 0x0000000100000000)
  region size 1024K, 6 young (6144K), 6 survivors (6144K)
 Metaspace       used 21226K, committed 21504K, reserved 1114112K
  class space    used 2506K, committed 2624K, reserved 1048576K
}
Event: 6.261 GC heap before
{Heap before GC invocations=5 (full 0):
 garbage-first heap   total 71680K, used 56395K [0x0000000080000000, 0x0000000100000000)
  region size 1024K, 42 young (43008K), 6 survivors (6144K)
 Metaspace       used 27686K, committed 28160K, reserved 1114112K
  class space    used 3500K, committed 3712K, reserved 1048576K
}
Event: 6.267 GC heap after
{Heap after GC invocations=6 (full 0):
 garbage-first heap   total 71680K, used 22282K [0x0000000080000000, 0x0000000100000000)
  region size 1024K, 3 young (3072K), 3 survivors (3072K)
 Metaspace       used 27686K, committed 28160K, reserved 1114112K
  class space    used 3500K, committed 3712K, reserved 1048576K
}

Dll operation events (3 events):
Event: 0.037 Loaded shared library C:\Program Files\Android\Android Studio\jbr\bin\java.dll
Event: 0.064 Loaded shared library C:\Program Files\Android\Android Studio\jbr\bin\zip.dll
Event: 1.438 Loaded shared library C:\Program Files\Android\Android Studio\jbr\bin\verify.dll

Deoptimization events (20 events):
Event: 5.250 Thread 0x0000020cd70751c0 DEOPT PACKING pc=0x0000020cc41e7e7c sp=0x000000f0f4ffbe40
Event: 5.250 Thread 0x0000020cd70751c0 DEOPT UNPACKING pc=0x0000020cc3c046a2 sp=0x000000f0f4ffbda8 mode 2
Event: 5.753 Thread 0x0000020cd70751c0 DEOPT PACKING pc=0x0000020cbc7765d9 sp=0x000000f0f4ffa920
Event: 5.753 Thread 0x0000020cd70751c0 DEOPT UNPACKING pc=0x0000020cc3c04e42 sp=0x000000f0f4ff9db8 mode 0
Event: 5.839 Thread 0x0000020cd70751c0 Uncommon trap: trap_request=0xffffff45 fr.pc=0x0000020cc4175c9c relative=0x0000000000000d1c
Event: 5.839 Thread 0x0000020cd70751c0 Uncommon trap: reason=unstable_if action=reinterpret pc=0x0000020cc4175c9c method=java.io.WinNTFileSystem.resolve(Ljava/lang/String;Ljava/lang/String;)Ljava/lang/String; @ 19 c2
Event: 5.839 Thread 0x0000020cd70751c0 DEOPT PACKING pc=0x0000020cc4175c9c sp=0x000000f0f4ffb4e0
Event: 5.839 Thread 0x0000020cd70751c0 DEOPT UNPACKING pc=0x0000020cc3c046a2 sp=0x000000f0f4ffb478 mode 2
Event: 5.843 Thread 0x0000020cd70751c0 Uncommon trap: trap_request=0xffffff45 fr.pc=0x0000020cc41ee310 relative=0x0000000000000630
Event: 5.843 Thread 0x0000020cd70751c0 Uncommon trap: reason=unstable_if action=reinterpret pc=0x0000020cc41ee310 method=java.io.File.getName()Ljava/lang/String; @ 16 c2
Event: 5.843 Thread 0x0000020cd70751c0 DEOPT PACKING pc=0x0000020cc41ee310 sp=0x000000f0f4ffb4a0
Event: 5.843 Thread 0x0000020cd70751c0 DEOPT UNPACKING pc=0x0000020cc3c046a2 sp=0x000000f0f4ffb470 mode 2
Event: 5.946 Thread 0x0000020cd70751c0 Uncommon trap: trap_request=0xffffff45 fr.pc=0x0000020cc417d790 relative=0x00000000000000f0
Event: 5.946 Thread 0x0000020cd70751c0 Uncommon trap: reason=unstable_if action=reinterpret pc=0x0000020cc417d790 method=java.util.HashMap.hash(Ljava/lang/Object;)I @ 1 c2
Event: 5.946 Thread 0x0000020cd70751c0 DEOPT PACKING pc=0x0000020cc417d790 sp=0x000000f0f4ffc5a0
Event: 5.946 Thread 0x0000020cd70751c0 DEOPT UNPACKING pc=0x0000020cc3c046a2 sp=0x000000f0f4ffc4e0 mode 2
Event: 6.021 Thread 0x0000020cd70751c0 Uncommon trap: trap_request=0xffffff45 fr.pc=0x0000020cc428fca8 relative=0x0000000000000568
Event: 6.021 Thread 0x0000020cd70751c0 Uncommon trap: reason=unstable_if action=reinterpret pc=0x0000020cc428fca8 method=java.util.ArrayList.grow(I)[Ljava/lang/Object; @ 17 c2
Event: 6.021 Thread 0x0000020cd70751c0 DEOPT PACKING pc=0x0000020cc428fca8 sp=0x000000f0f4ffd510
Event: 6.021 Thread 0x0000020cd70751c0 DEOPT UNPACKING pc=0x0000020cc3c046a2 sp=0x000000f0f4ffd4c8 mode 2

Classes loaded (20 events):
Event: 6.084 Loading class java/lang/invoke/BoundMethodHandle$Species_LLLLLLLLLLLLLLLLL
Event: 6.084 Loading class java/lang/invoke/BoundMethodHandle$Species_LLLLLLLLLLLLLLLLL done
Event: 6.086 Loading class java/lang/invoke/BoundMethodHandle$Species_LLLLLLLLLLLLLLLLLL
Event: 6.086 Loading class java/lang/invoke/BoundMethodHandle$Species_LLLLLLLLLLLLLLLLLL done
Event: 6.089 Loading class java/lang/invoke/BoundMethodHandle$Species_LLLLLLLLLLLLLLLLLLL
Event: 6.089 Loading class java/lang/invoke/BoundMethodHandle$Species_LLLLLLLLLLLLLLLLLLL done
Event: 6.091 Loading class java/lang/invoke/BoundMethodHandle$Species_LLLLLLLLLLLLLLLLLLLL
Event: 6.091 Loading class java/lang/invoke/BoundMethodHandle$Species_LLLLLLLLLLLLLLLLLLLL done
Event: 6.095 Loading class java/lang/invoke/BoundMethodHandle$Species_LLLLLLLLLLLLLLLLLLLLL
Event: 6.095 Loading class java/lang/invoke/BoundMethodHandle$Species_LLLLLLLLLLLLLLLLLLLLL done
Event: 6.097 Loading class java/lang/invoke/BoundMethodHandle$Species_LLLLLLLLLLLLLLLLLLLLLL
Event: 6.097 Loading class java/lang/invoke/BoundMethodHandle$Species_LLLLLLLLLLLLLLLLLLLLLL done
Event: 6.100 Loading class java/lang/invoke/BoundMethodHandle$Species_LLLLLLLLLLLLLLLLLLLLLLL
Event: 6.100 Loading class java/lang/invoke/BoundMethodHandle$Species_LLLLLLLLLLLLLLLLLLLLLLL done
Event: 6.102 Loading class java/lang/invoke/BoundMethodHandle$Species_LLLLLLLLLLLLLLLLLLLLLLLL
Event: 6.102 Loading class java/lang/invoke/BoundMethodHandle$Species_LLLLLLLLLLLLLLLLLLLLLLLL done
Event: 6.178 Loading class java/util/Collections$2
Event: 6.178 Loading class java/util/Collections$2 done
Event: 6.366 Loading class java/util/function/LongFunction
Event: 6.366 Loading class java/util/function/LongFunction done

Classes unloaded (0 events):
No events

Classes redefined (0 events):
No events

Internal exceptions (20 events):
Event: 5.665 Thread 0x0000020cd70751c0 Exception <a 'java/lang/IncompatibleClassChangeError'{0x0000000082eb1008}: Found class java.lang.Object, but interface was expected> (0x0000000082eb1008) 
thrown [s\src\hotspot\share\interpreter\linkResolver.cpp, line 851]
Event: 5.710 Thread 0x0000020cd70751c0 Exception <a 'java/lang/NoSuchMethodError'{0x0000000082dd3898}: 'java.lang.Object java.lang.invoke.DirectMethodHandle$Holder.newInvokeSpecial(java.lang.Object, java.lang.Object, int)'> (0x0000000082dd3898) 
thrown [s\src\hotspot\share\interpreter\linkResolver.cpp, line 784]
Event: 5.808 Thread 0x0000020cd70751c0 Exception <a 'java/lang/NoSuchMethodError'{0x0000000082911fb8}: 'java.lang.Object java.lang.invoke.DirectMethodHandle$Holder.invokeVirtual(java.lang.Object, java.lang.Object, java.lang.Object, java.lang.Object, java.lang.Object, java.lang.Object, java.lang.Object, java.lang.Object)'> (0x0000000082911fb8) 
thrown [s\src\hotspot\share\interpreter\linkResolver.cpp, line 784]
Event: 5.834 Thread 0x0000020cd70751c0 Exception <a 'java/lang/NoSuchMethodError'{0x00000000829b5180}: 'java.lang.Object java.lang.invoke.DirectMethodHandle$Holder.invokeVirtual(java.lang.Object, java.lang.Object, java.lang.Object, java.lang.Object, java.lang.Object, java.lang.Object, java.lang.Object, java.lang.Object, java.lang.Object, java.lang.Object)'> (0x00000000829b5180) 
thrown [s\src\hotspot\share\interpreter\linkResolver.cpp, line 784]
Event: 5.905 Thread 0x0000020cd70751c0 Exception <a 'java/lang/NoSuchMethodError'{0x000000008279ef40}: 'int java.lang.invoke.DirectMethodHandle$Holder.invokeSpecialIFC(java.lang.Object, java.lang.Object, java.lang.Object, java.lang.Object)'> (0x000000008279ef40) 
thrown [s\src\hotspot\share\interpreter\linkResolver.cpp, line 784]
Event: 5.907 Thread 0x0000020cd70751c0 Exception <a 'java/lang/IncompatibleClassChangeError'{0x00000000827ac6e0}: Found class java.lang.Object, but interface was expected> (0x00000000827ac6e0) 
thrown [s\src\hotspot\share\interpreter\linkResolver.cpp, line 851]
Event: 5.946 Thread 0x0000020cd70751c0 Implicit null exception at 0x0000020cc417d6e6 to 0x0000020cc417d786
Event: 6.069 Thread 0x0000020cd70751c0 Exception <a 'java/lang/NoSuchMethodError'{0x0000000082245e20}: 'java.lang.Object java.lang.invoke.DelegatingMethodHandle$Holder.reinvoke_L(java.lang.Object, java.lang.Object, java.lang.Object, java.lang.Object, java.lang.Object, java.lang.Object, java.lang.Object, java.lang.Object, java.lang.Object, java.lang.Object, java.lang.Object, java.lang.Object, java.lang.Object, java.lang.Object, java.lang.Object, java.lang.Object, java.lang.Object, java.lang.Object, java.lang.Object, java.lang.Object, java.lang.O
Event: 6.077 Thread 0x0000020cd70751c0 Exception <a 'java/lang/NoSuchMethodError'{0x00000000822b56c8}: 'java.lang.Object java.lang.invoke.DirectMethodHandle$Holder.invokeStatic(java.lang.Object, java.lang.Object, java.lang.Object, java.lang.Object, java.lang.Object, java.lang.Object, java.lang.Object, java.lang.Object, java.lang.Object, java.lang.Object, java.lang.Object, java.lang.Object, java.lang.Object, java.lang.Object, java.lang.Object, java.lang.Object, java.lang.Object)'> (0x00000000822b56c8) 
thrown [s\src\hotspot\share\interpreter\lin
Event: 6.080 Thread 0x0000020cd70751c0 Exception <a 'java/lang/NoSuchMethodError'{0x00000000822de458}: 'java.lang.Object java.lang.invoke.DirectMethodHandle$Holder.invokeStatic(java.lang.Object, java.lang.Object, java.lang.Object, java.lang.Object, java.lang.Object, java.lang.Object, java.lang.Object, java.lang.Object, java.lang.Object, java.lang.Object, java.lang.Object, java.lang.Object, java.lang.Object, java.lang.Object, java.lang.Object, java.lang.Object, java.lang.Object, java.lang.Object)'> (0x00000000822de458) 
thrown [s\src\hotspot\sha
Event: 6.083 Thread 0x0000020cd70751c0 Exception <a 'java/lang/NoSuchMethodError'{0x0000000082108910}: 'java.lang.Object java.lang.invoke.DirectMethodHandle$Holder.invokeStatic(java.lang.Object, java.lang.Object, java.lang.Object, java.lang.Object, java.lang.Object, java.lang.Object, java.lang.Object, java.lang.Object, java.lang.Object, java.lang.Object, java.lang.Object, java.lang.Object, java.lang.Object, java.lang.Object, java.lang.Object, java.lang.Object, java.lang.Object, java.lang.Object, java.lang.Object)'> (0x0000000082108910) 
thrown 
Event: 6.085 Thread 0x0000020cd70751c0 Exception <a 'java/lang/NoSuchMethodError'{0x0000000082133f98}: 'java.lang.Object java.lang.invoke.DirectMethodHandle$Holder.invokeStatic(java.lang.Object, java.lang.Object, java.lang.Object, java.lang.Object, java.lang.Object, java.lang.Object, java.lang.Object, java.lang.Object, java.lang.Object, java.lang.Object, java.lang.Object, java.lang.Object, java.lang.Object, java.lang.Object, java.lang.Object, java.lang.Object, java.lang.Object, java.lang.Object, java.lang.Object, java.lang.Object)'> (0x00000000
Event: 6.087 Thread 0x0000020cd70751c0 Exception <a 'java/lang/NoSuchMethodError'{0x0000000082160f28}: 'java.lang.Object java.lang.invoke.DirectMethodHandle$Holder.invokeStatic(java.lang.Object, java.lang.Object, java.lang.Object, java.lang.Object, java.lang.Object, java.lang.Object, java.lang.Object, java.lang.Object, java.lang.Object, java.lang.Object, java.lang.Object, java.lang.Object, java.lang.Object, java.lang.Object, java.lang.Object, java.lang.Object, java.lang.Object, java.lang.Object, java.lang.Object, java.lang.Object, java.lang.Obj
Event: 6.090 Thread 0x0000020cd70751c0 Exception <a 'java/lang/NoSuchMethodError'{0x000000008218ea08}: 'java.lang.Object java.lang.invoke.DirectMethodHandle$Holder.invokeStatic(java.lang.Object, java.lang.Object, java.lang.Object, java.lang.Object, java.lang.Object, java.lang.Object, java.lang.Object, java.lang.Object, java.lang.Object, java.lang.Object, java.lang.Object, java.lang.Object, java.lang.Object, java.lang.Object, java.lang.Object, java.lang.Object, java.lang.Object, java.lang.Object, java.lang.Object, java.lang.Object, java.lang.Obj
Event: 6.093 Thread 0x0000020cd70751c0 Exception <a 'java/lang/NoSuchMethodError'{0x00000000821bd810}: 'java.lang.Object java.lang.invoke.DirectMethodHandle$Holder.invokeStatic(java.lang.Object, java.lang.Object, java.lang.Object, java.lang.Object, java.lang.Object, java.lang.Object, java.lang.Object, java.lang.Object, java.lang.Object, java.lang.Object, java.lang.Object, java.lang.Object, java.lang.Object, java.lang.Object, java.lang.Object, java.lang.Object, java.lang.Object, java.lang.Object, java.lang.Object, java.lang.Object, java.lang.Obj
Event: 6.096 Thread 0x0000020cd70751c0 Exception <a 'java/lang/NoSuchMethodError'{0x00000000821ecf00}: 'java.lang.Object java.lang.invoke.DirectMethodHandle$Holder.invokeStatic(java.lang.Object, java.lang.Object, java.lang.Object, java.lang.Object, java.lang.Object, java.lang.Object, java.lang.Object, java.lang.Object, java.lang.Object, java.lang.Object, java.lang.Object, java.lang.Object, java.lang.Object, java.lang.Object, java.lang.Object, java.lang.Object, java.lang.Object, java.lang.Object, java.lang.Object, java.lang.Object, java.lang.Obj
Event: 6.099 Thread 0x0000020cd70751c0 Exception <a 'java/lang/NoSuchMethodError'{0x000000008201daf0}: 'java.lang.Object java.lang.invoke.DirectMethodHandle$Holder.invokeStatic(java.lang.Object, java.lang.Object, java.lang.Object, java.lang.Object, java.lang.Object, java.lang.Object, java.lang.Object, java.lang.Object, java.lang.Object, java.lang.Object, java.lang.Object, java.lang.Object, java.lang.Object, java.lang.Object, java.lang.Object, java.lang.Object, java.lang.Object, java.lang.Object, java.lang.Object, java.lang.Object, java.lang.Obj
Event: 6.101 Thread 0x0000020cd70751c0 Exception <a 'java/lang/NoSuchMethodError'{0x000000008204e9d8}: 'java.lang.Object java.lang.invoke.DirectMethodHandle$Holder.invokeStatic(java.lang.Object, java.lang.Object, java.lang.Object, java.lang.Object, java.lang.Object, java.lang.Object, java.lang.Object, java.lang.Object, java.lang.Object, java.lang.Object, java.lang.Object, java.lang.Object, java.lang.Object, java.lang.Object, java.lang.Object, java.lang.Object, java.lang.Object, java.lang.Object, java.lang.Object, java.lang.Object, java.lang.Obj
Event: 6.103 Thread 0x0000020cd70751c0 Exception <a 'java/lang/NoSuchMethodError'{0x00000000820816e8}: 'java.lang.Object java.lang.invoke.DirectMethodHandle$Holder.invokeStatic(java.lang.Object, java.lang.Object, java.lang.Object, java.lang.Object, java.lang.Object, java.lang.Object, java.lang.Object, java.lang.Object, java.lang.Object, java.lang.Object, java.lang.Object, java.lang.Object, java.lang.Object, java.lang.Object, java.lang.Object, java.lang.Object, java.lang.Object, java.lang.Object, java.lang.Object, java.lang.Object, java.lang.Obj
Event: 6.146 Thread 0x0000020cd70751c0 Exception <a 'java/lang/IncompatibleClassChangeError'{0x0000000081fa8b70}: Found class java.lang.Object, but interface was expected> (0x0000000081fa8b70) 
thrown [s\src\hotspot\share\interpreter\linkResolver.cpp, line 851]

ZGC Phase Switch (0 events):
No events

VM Operations (20 events):
Event: 4.703 Executing VM operation: G1CollectForAllocation (G1 Evacuation Pause)
Event: 4.716 Executing VM operation: G1CollectForAllocation (G1 Evacuation Pause) done
Event: 4.738 Executing VM operation: HandshakeAllThreads (Deoptimize)
Event: 4.738 Executing VM operation: HandshakeAllThreads (Deoptimize) done
Event: 5.055 Executing VM operation: CollectForMetadataAllocation (Metadata GC Threshold)
Event: 5.062 Executing VM operation: CollectForMetadataAllocation (Metadata GC Threshold) done
Event: 5.071 Executing VM operation: G1PauseRemark
Event: 5.073 Executing VM operation: G1PauseRemark done
Event: 5.077 Executing VM operation: G1PauseCleanup
Event: 5.080 Executing VM operation: G1PauseCleanup done
Event: 5.706 Executing VM operation: HandshakeAllThreads (Deoptimize)
Event: 5.707 Executing VM operation: HandshakeAllThreads (Deoptimize) done
Event: 6.117 Executing VM operation: HandshakeAllThreads (Deoptimize)
Event: 6.117 Executing VM operation: HandshakeAllThreads (Deoptimize) done
Event: 6.118 Executing VM operation: Cleanup
Event: 6.118 Executing VM operation: Cleanup done
Event: 6.118 Executing VM operation: HandshakeAllThreads (Deoptimize)
Event: 6.118 Executing VM operation: HandshakeAllThreads (Deoptimize) done
Event: 6.261 Executing VM operation: G1CollectForAllocation (G1 Evacuation Pause)
Event: 6.268 Executing VM operation: G1CollectForAllocation (G1 Evacuation Pause) done

Memory protections (0 events):
No events

Nmethod flushes (0 events):
No events

Events (20 events):
Event: 1.597 Loaded shared library C:\Users\Manish\.gradle\native\1def1411415f61bf3af743bc5b6707747c0891f09f0c88961ee8f79bc544acac\windows-amd64\native-platform.dll
Event: 1.623 Loaded shared library C:\Users\Manish\.gradle\native\0.2.7\x86_64-windows-gnu\gradle-fileevents.dll
Event: 2.937 Thread 0x0000020cd1688ac0 Thread exited: 0x0000020cd1688ac0
Event: 3.849 Loaded shared library C:\Program Files\Android\Android Studio\jbr\bin\management.dll
Event: 3.856 Loaded shared library C:\Program Files\Android\Android Studio\jbr\bin\management_ext.dll
Event: 3.916 Thread 0x0000020cb93eff90 Thread added: 0x0000020cd70d87f0
Event: 4.195 Loaded shared library C:\Program Files\Android\Android Studio\jbr\bin\extnet.dll
Event: 4.558 Thread 0x0000020cb93eff90 Thread added: 0x0000020cd7ffef70
Event: 4.681 Thread 0x0000020cb93eff90 Thread added: 0x0000020cd8025d10
Event: 4.790 Thread 0x0000020cd7ffef70 Thread added: 0x0000020cd6ffe5d0
Event: 4.797 Thread 0x0000020cd6ffe5d0 Thread added: 0x0000020cd6ffec40
Event: 4.882 Thread 0x0000020cd6ffe5d0 Thread added: 0x0000020cd7039020
Event: 4.893 Thread 0x0000020cd6ffe5d0 Thread added: 0x0000020cd70751c0
Event: 4.908 Thread 0x0000020cd70751c0 Thread added: 0x0000020cd7071d40
Event: 4.916 Thread 0x0000020cd70751c0 Thread added: 0x0000020cd70730f0
Event: 4.920 Thread 0x0000020cd70751c0 Thread added: 0x0000020cd7073e10
Event: 5.707 Thread 0x0000020cd70751c0 Thread added: 0x0000020cd70723d0
Event: 5.727 Thread 0x0000020cd70751c0 Thread added: 0x0000020cd7073780
Event: 5.775 Thread 0x0000020cd70751c0 Thread added: 0x0000020cd70744a0
Event: 5.890 Thread 0x0000020cd11acdd0 Thread added: 0x0000020cd744fec0


Dynamic libraries:
0x00007ff6eb1d0000 - 0x00007ff6eb1da000 	C:\Program Files\Android\Android Studio\jbr\bin\java.exe
0x00007ffbc5740000 - 0x00007ffbc59a8000 	C:\WINDOWS\SYSTEM32\ntdll.dll
0x00007ffbc35d0000 - 0x00007ffbc3699000 	C:\WINDOWS\System32\KERNEL32.DLL
0x00007ffbc2a10000 - 0x00007ffbc2e08000 	C:\WINDOWS\System32\KERNELBASE.dll
0x00007ffbc2f50000 - 0x00007ffbc309b000 	C:\WINDOWS\System32\ucrtbase.dll
0x00007ffbae630000 - 0x00007ffbae64b000 	C:\Program Files\Android\Android Studio\jbr\bin\VCRUNTIME140.dll
0x00007ffba3150000 - 0x00007ffba3168000 	C:\Program Files\Android\Android Studio\jbr\bin\jli.dll
0x00007ffbc5310000 - 0x00007ffbc54d7000 	C:\WINDOWS\System32\USER32.dll
0x00007ffbc3380000 - 0x00007ffbc33a7000 	C:\WINDOWS\System32\win32u.dll
0x00007ffbc34f0000 - 0x00007ffbc351b000 	C:\WINDOWS\System32\GDI32.dll
0x00007ffbc33b0000 - 0x00007ffbc34dc000 	C:\WINDOWS\System32\gdi32full.dll
0x00007ffbc30a0000 - 0x00007ffbc3143000 	C:\WINDOWS\System32\msvcp_win.dll
0x00007ffba8390000 - 0x00007ffba8624000 	C:\WINDOWS\WinSxS\amd64_microsoft.windows.common-controls_6595b64144ccf1df_6.0.26100.7019_none_3e06ffa0e335b8a8\COMCTL32.dll
0x00007ffbc3520000 - 0x00007ffbc35c9000 	C:\WINDOWS\System32\msvcrt.dll
0x00007ffbc4920000 - 0x00007ffbc4951000 	C:\WINDOWS\System32\IMM32.DLL
0x00007ffbb98d0000 - 0x00007ffbb98dc000 	C:\Program Files\Android\Android Studio\jbr\bin\vcruntime140_1.dll
0x00007ffb9c650000 - 0x00007ffb9c6dd000 	C:\Program Files\Android\Android Studio\jbr\bin\msvcp140.dll
0x00007ffb51de0000 - 0x00007ffb52a6e000 	C:\Program Files\Android\Android Studio\jbr\bin\server\jvm.dll
0x00007ffbc3840000 - 0x00007ffbc38f4000 	C:\WINDOWS\System32\ADVAPI32.dll
0x00007ffbc41f0000 - 0x00007ffbc4296000 	C:\WINDOWS\System32\sechost.dll
0x00007ffbc51e0000 - 0x00007ffbc52f8000 	C:\WINDOWS\System32\RPCRT4.dll
0x00007ffbc4490000 - 0x00007ffbc4504000 	C:\WINDOWS\System32\WS2_32.dll
0x00007ffbc2550000 - 0x00007ffbc25ae000 	C:\WINDOWS\SYSTEM32\POWRPROF.dll
0x00007ffbbc140000 - 0x00007ffbbc175000 	C:\WINDOWS\SYSTEM32\WINMM.dll
0x00007ffbbc180000 - 0x00007ffbbc18b000 	C:\WINDOWS\SYSTEM32\VERSION.dll
0x00007ffbc2530000 - 0x00007ffbc2544000 	C:\WINDOWS\SYSTEM32\UMPDC.dll
0x00007ffbc1650000 - 0x00007ffbc166b000 	C:\WINDOWS\SYSTEM32\kernel.appcore.dll
0x00007ffbb84f0000 - 0x00007ffbb84fa000 	C:\Program Files\Android\Android Studio\jbr\bin\jimage.dll
0x00007ffbb5100000 - 0x00007ffbb5342000 	C:\WINDOWS\SYSTEM32\DBGHELP.DLL
0x00007ffbc4960000 - 0x00007ffbc4ceb000 	C:\WINDOWS\System32\combase.dll
0x00007ffbc4590000 - 0x00007ffbc4667000 	C:\WINDOWS\System32\OLEAUT32.dll
0x00007ffba5d70000 - 0x00007ffba5dac000 	C:\WINDOWS\SYSTEM32\dbgcore.DLL
0x00007ffbc2ea0000 - 0x00007ffbc2f45000 	C:\WINDOWS\System32\bcryptPrimitives.dll
0x00007ffbb8510000 - 0x00007ffbb851e000 	C:\Program Files\Android\Android Studio\jbr\bin\instrument.dll
0x00007ffba5360000 - 0x00007ffba5380000 	C:\Program Files\Android\Android Studio\jbr\bin\java.dll
0x00007ffba3170000 - 0x00007ffba3188000 	C:\Program Files\Android\Android Studio\jbr\bin\zip.dll
0x00007ffbc3990000 - 0x00007ffbc40df000 	C:\WINDOWS\System32\SHELL32.dll
0x00007ffbc3210000 - 0x00007ffbc337b000 	C:\WINDOWS\System32\wintypes.dll
0x00007ffbc04b0000 - 0x00007ffbc0d0d000 	C:\WINDOWS\SYSTEM32\windows.storage.dll
0x00007ffbc40f0000 - 0x00007ffbc41e2000 	C:\WINDOWS\System32\SHCORE.dll
0x00007ffbc37c0000 - 0x00007ffbc3827000 	C:\WINDOWS\System32\shlwapi.dll
0x00007ffbc27b0000 - 0x00007ffbc27d9000 	C:\WINDOWS\SYSTEM32\profapi.dll
0x00007ffbb3dc0000 - 0x00007ffbb3dd0000 	C:\Program Files\Android\Android Studio\jbr\bin\net.dll
0x00007ffbb85d0000 - 0x00007ffbb86f8000 	C:\WINDOWS\SYSTEM32\WINHTTP.dll
0x00007ffbc1bc0000 - 0x00007ffbc1c2b000 	C:\WINDOWS\system32\mswsock.dll
0x00007ffba1160000 - 0x00007ffba1176000 	C:\Program Files\Android\Android Studio\jbr\bin\nio.dll
0x00007ffb9f030000 - 0x00007ffb9f040000 	C:\Program Files\Android\Android Studio\jbr\bin\verify.dll
0x00007ffba5620000 - 0x00007ffba5647000 	C:\Users\Manish\.gradle\native\1def1411415f61bf3af743bc5b6707747c0891f09f0c88961ee8f79bc544acac\windows-amd64\native-platform.dll
0x00007ffb9c2b0000 - 0x00007ffb9c328000 	C:\Users\Manish\.gradle\native\0.2.7\x86_64-windows-gnu\gradle-fileevents.dll
0x00007ffba8640000 - 0x00007ffba8649000 	C:\Program Files\Android\Android Studio\jbr\bin\management.dll
0x00007ffba3370000 - 0x00007ffba337b000 	C:\Program Files\Android\Android Studio\jbr\bin\management_ext.dll
0x00007ffbc3830000 - 0x00007ffbc3838000 	C:\WINDOWS\System32\PSAPI.DLL
0x00007ffbc1090000 - 0x00007ffbc10c4000 	C:\WINDOWS\SYSTEM32\IPHLPAPI.DLL
0x00007ffbc5300000 - 0x00007ffbc530a000 	C:\WINDOWS\System32\NSI.dll
0x00007ffbb3a80000 - 0x00007ffbb3a89000 	C:\Program Files\Android\Android Studio\jbr\bin\extnet.dll
0x00007ffbc1e80000 - 0x00007ffbc1e9b000 	C:\WINDOWS\SYSTEM32\CRYPTSP.dll
0x00007ffbc15b0000 - 0x00007ffbc15ea000 	C:\WINDOWS\system32\rsaenh.dll
0x00007ffbc1c70000 - 0x00007ffbc1c9b000 	C:\WINDOWS\SYSTEM32\USERENV.dll
0x00007ffbc2780000 - 0x00007ffbc27aa000 	C:\WINDOWS\SYSTEM32\bcrypt.dll
0x00007ffbc1ea0000 - 0x00007ffbc1eac000 	C:\WINDOWS\SYSTEM32\CRYPTBASE.dll
0x00007ffbadd30000 - 0x00007ffbadd38000 	C:\WINDOWS\system32\wshunix.dll

dbghelp: loaded successfully - version: 4.0.5 - missing functions: none
symbol engine: initialized successfully - sym options: 0x614 - pdb path: .;C:\Program Files\Android\Android Studio\jbr\bin;C:\WINDOWS\SYSTEM32;C:\WINDOWS\WinSxS\amd64_microsoft.windows.common-controls_6595b64144ccf1df_6.0.26100.7019_none_3e06ffa0e335b8a8;C:\Program Files\Android\Android Studio\jbr\bin\server;C:\Users\Manish\.gradle\native\1def1411415f61bf3af743bc5b6707747c0891f09f0c88961ee8f79bc544acac\windows-amd64;C:\Users\Manish\.gradle\native\0.2.7\x86_64-windows-gnu

VM Arguments:
jvm_args: --add-opens=java.base/java.lang=ALL-UNNAMED --add-opens=java.base/java.lang.invoke=ALL-UNNAMED --add-opens=java.base/java.util=ALL-UNNAMED --add-opens=java.prefs/java.util.prefs=ALL-UNNAMED --add-exports=jdk.compiler/com.sun.tools.javac.api=ALL-UNNAMED --add-exports=jdk.compiler/com.sun.tools.javac.util=ALL-UNNAMED --add-opens=java.base/java.util=ALL-UNNAMED --add-opens=java.prefs/java.util.prefs=ALL-UNNAMED --add-opens=java.base/java.nio.charset=ALL-UNNAMED --add-opens=java.base/java.net=ALL-UNNAMED --add-opens=java.base/java.util.concurrent.atomic=ALL-UNNAMED --add-opens=java.xml/javax.xml.namespace=ALL-UNNAMED -Xmx2048m -Dfile.encoding=UTF-8 -Duser.country=US -Duser.language=en -Duser.variant -javaagent:C:\Users\Manish\.gradle\wrapper\dists\gradle-8.13-bin\5xuhj0ry160q40clulazy9h7d\gradle-8.13\lib\agents\gradle-instrumentation-agent-8.13.jar 
java_command: org.gradle.launcher.daemon.bootstrap.GradleDaemon 8.13
java_class_path (initial): C:\Users\Manish\.gradle\wrapper\dists\gradle-8.13-bin\5xuhj0ry160q40clulazy9h7d\gradle-8.13\lib\gradle-daemon-main-8.13.jar
Launcher Type: SUN_STANDARD

[Global flags]
     intx CICompilerCount                          = 3                                         {product} {ergonomic}
     uint ConcGCThreads                            = 2                                         {product} {ergonomic}
     uint G1ConcRefinementThreads                  = 6                                         {product} {ergonomic}
   size_t G1HeapRegionSize                         = 1048576                                   {product} {ergonomic}
    uintx GCDrainStackTargetSize                   = 64                                        {product} {ergonomic}
   size_t InitialHeapSize                          = 123731968                                 {product} {ergonomic}
   size_t MarkStackSize                            = 4194304                                   {product} {ergonomic}
   size_t MaxHeapSize                              = 2147483648                                {product} {command line}
   size_t MaxNewSize                               = 1287651328                                {product} {ergonomic}
   size_t MinHeapDeltaBytes                        = 1048576                                   {product} {ergonomic}
   size_t MinHeapSize                              = 8388608                                   {product} {ergonomic}
    uintx NonNMethodCodeHeapSize                   = 5832780                                {pd product} {ergonomic}
    uintx NonProfiledCodeHeapSize                  = 122912730                              {pd product} {ergonomic}
    uintx ProfiledCodeHeapSize                     = 122912730                              {pd product} {ergonomic}
    uintx ReservedCodeCacheSize                    = 251658240                              {pd product} {ergonomic}
     bool SegmentedCodeCache                       = true                                      {product} {ergonomic}
   size_t SoftMaxHeapSize                          = 2147483648                             {manageable} {ergonomic}
     bool UseCompressedOops                        = true                           {product lp64_product} {ergonomic}
     bool UseG1GC                                  = true                                      {product} {ergonomic}
     bool UseLargePagesIndividualAllocation        = false                                  {pd product} {ergonomic}

Logging:
Log output configuration:
 #0: stdout all=warning uptime,level,tags foldmultilines=false
 #1: stderr all=off uptime,level,tags foldmultilines=false

Environment Variables:
PATH=C:\WINDOWS\system32;C:\WINDOWS;C:\WINDOWS\System32\Wbem;C:\WINDOWS\System32\WindowsPowerShell\v1.0\;C:\WINDOWS\System32\OpenSSH\;C:\Program Files\Git\cmd;C:\ProgramData\chocolatey\bin;C:\Program Files (x86)\Microsoft SQL Server\160\Tools\Binn\;C:\Program Files\Microsoft SQL Server\160\Tools\Binn\;C:\Program Files\Microsoft SQL Server\Client SDK\ODBC\170\Tools\Binn\;C:\Program Files\Microsoft SQL Server\160\DTS\Binn\;C:\Program Files\Microsoft SQL Server\150\Tools\Binn\;C:\Program Files\dotnet\;C:\Program Files\Amazon\AWSCLIV2\;C:\Users\Manish\AppData\Local\nvm;C:\nvm4w\nodejs;C:\Program Files\PostgreSQL\17\bin;C:\Program Files\WireGuard\;C:\Program Files\Docker\Docker\resources\bin;C:\Users\Manish\AppData\Local\Programs\Python\Python312\Scripts\;C:\Users\Manish\AppData\Local\Programs\Python\Python312\;C:\Users\Manish\AppData\Local\Programs\Python\Launcher\;C:\Users\Manish\.local\bin;C:\Users\Manish\.cargo\bin;C:\Users\Manish\AppData\Local\Microsoft\WindowsApps;C:\Users\Manish\AppData\Local\Programs\Microsoft VS Code\bin;C:\Users\Manish\AppData\Local\Microsoft\WinGet\Packages\Schniz.fnm_Microsoft.Winget.Source_8wekyb3d8bbwe;C:\Users\Manish\.dotnet\tools;C:\Users\Manish\AppData\Local\Muse Hub\lib;C:\Users\Manish\AppData\Local\nvm;C:\nvm4w\nodejs
USERNAME=Manish
OS=Windows_NT
PROCESSOR_IDENTIFIER=AMD64 Family 23 Model 96 Stepping 1, AuthenticAMD
TMP=C:\Users\Manish\AppData\Local\Temp
TEMP=C:\Users\Manish\AppData\Local\Temp




Periodic native trim disabled

JNI global refs:
JNI global refs: 22, weak refs: 0

JNI global refs memory usage: 835, weak refs: 833

Process memory usage:
Resident Set Size: 188216K (2% of 7722064K total physical memory with 652200K free physical memory)

OOME stack traces (most recent first):
Classloader memory used:
Loader bootstrap                                                                       : 16189K
Loader org.gradle.internal.classloader.VisitableURLClassLoader                         : 10560K
Loader org.gradle.initialization.MixInLegacyTypesClassLoader                           : 1275K
Loader jdk.internal.loader.ClassLoaders$AppClassLoader                                 : 235K
Loader jdk.internal.loader.ClassLoaders$PlatformClassLoader                            : 115K

Classes loaded by more than one classloader:
Class org.gradle.internal.classloader.FilteringClassLoader                            : loaded 2 times (x 103B)
Class org.gradle.internal.classloader.ClassLoaderHierarchy                            : loaded 2 times (x 68B)
Class org.gradle.api.internal.classpath.ManifestUtil                                  : loaded 2 times (x 69B)
Class org.gradle.internal.classloader.DefaultClassLoaderFactory                       : loaded 2 times (x 80B)
Class org.gradle.internal.classloader.ClassLoaderVisitor                              : loaded 2 times (x 74B)
Class org.gradle.api.internal.classpath.EffectiveClassPath                            : loaded 2 times (x 88B)
Class org.gradle.api.internal.DefaultClassPathProvider                                : loaded 2 times (x 74B)
Class [Lorg.gradle.api.internal.ClassPathProvider;                                    : loaded 2 times (x 67B)
Class org.gradle.api.internal.ClassPathProvider                                       : loaded 2 times (x 68B)
Class org.gradle.internal.service.UnknownServiceException                             : loaded 2 times (x 81B)
Class org.gradle.internal.classpath.TransformedClassPath                              : loaded 2 times (x 94B)
Class org.gradle.internal.classloader.InstrumentingClassLoader                        : loaded 2 times (x 68B)
Class org.gradle.internal.service.ServiceLocator                                      : loaded 2 times (x 68B)
Class org.gradle.internal.InternalTransformer                                         : loaded 2 times (x 68B)
Class org.gradle.internal.classloader.ClasspathUtil$1                                 : loaded 2 times (x 74B)
Class org.gradle.api.internal.classpath.DefaultModuleRegistry$DefaultModule           : loaded 2 times (x 84B)
Class org.gradle.api.internal.classpath.Module                                        : loaded 2 times (x 68B)
Class org.gradle.api.internal.classpath.UnknownModuleException                        : loaded 2 times (x 80B)
Class org.gradle.api.internal.DefaultClassPathRegistry                                : loaded 2 times (x 74B)
Class org.gradle.api.internal.ClassPathRegistry                                       : loaded 2 times (x 68B)
Class org.gradle.internal.classpath.DefaultClassPath$ImmutableUniqueList              : loaded 2 times (x 197B)
Class org.gradle.internal.classpath.ClassPath                                         : loaded 2 times (x 68B)
Class org.gradle.api.UncheckedIOException                                             : loaded 2 times (x 80B)
Class org.gradle.internal.installation.GradleInstallation$1                           : loaded 2 times (x 73B)
Class org.gradle.api.internal.classpath.ModuleRegistry                                : loaded 2 times (x 68B)
Class org.gradle.api.internal.classpath.DefaultModuleRegistry                         : loaded 2 times (x 84B)
Class org.gradle.internal.service.ServiceLookupException                              : loaded 2 times (x 80B)
Class org.gradle.internal.classloader.ClassLoaderFactory                              : loaded 2 times (x 68B)
Class org.gradle.internal.service.CachingServiceLocator                               : loaded 2 times (x 80B)
Class org.gradle.internal.classloader.ClasspathUtil                                   : loaded 2 times (x 69B)
Class org.gradle.api.specs.Spec                                                       : loaded 2 times (x 68B)
Class org.gradle.internal.classloader.VisitableURLClassLoader$InstrumentingVisitableURLClassLoader: loaded 2 times (x 121B)
Class org.gradle.internal.classloader.VisitableURLClassLoader$Spec                    : loaded 2 times (x 72B)
Class org.gradle.internal.classpath.DefaultClassPath                                  : loaded 2 times (x 88B)
Class org.gradle.internal.classloader.ClassLoaderSpec                                 : loaded 2 times (x 69B)
Class org.gradle.internal.classloader.VisitableURLClassLoader                         : loaded 2 times (x 115B)
Class org.gradle.internal.Cast                                                        : loaded 2 times (x 69B)
Class org.gradle.api.Action                                                           : loaded 2 times (x 68B)
Class org.gradle.internal.classpath.DefaultClassPath$ImmutableUniqueList$Builder      : loaded 2 times (x 73B)
Class org.gradle.api.GradleException                                                  : loaded 2 times (x 80B)
Class org.gradle.internal.IoActions                                                   : loaded 2 times (x 69B)
Class org.gradle.internal.classloader.SystemClassLoaderSpec                           : loaded 2 times (x 69B)
Class org.gradle.api.internal.classpath.GlobalCacheRootsProvider                      : loaded 2 times (x 68B)
Class org.gradle.internal.installation.CurrentGradleInstallationLocator               : loaded 2 times (x 69B)
Class org.gradle.internal.service.DefaultServiceLocator                               : loaded 2 times (x 81B)
Class org.gradle.internal.installation.CurrentGradleInstallation                      : loaded 2 times (x 71B)
Class org.gradle.util.internal.GUtil                                                  : loaded 2 times (x 69B)
Class org.gradle.internal.installation.GradleInstallation                             : loaded 2 times (x 73B)

---------------  S Y S T E M  ---------------

OS:
 Windows 11 , 64 bit Build 26100 (10.0.26100.7019)
OS uptime: 3 days 9:01 hours
Hyper-V role detected

CPU: total 6 (initial active 6) (6 cores per cpu, 1 threads per core) family 23 model 96 stepping 1 microcode 0x8600106, cx8, cmov, fxsr, mmx, 3dnowpref, sse, sse2, sse3, ssse3, sse4a, sse4.1, sse4.2, popcnt, lzcnt, tsc, tscinvbit, avx, avx2, aes, clmul, bmi1, bmi2, adx, sha, fma, vzeroupper, clflush, clflushopt, hv, rdtscp, rdpid, f16c
Processor Information for the first 6 processors :
  Max Mhz: 2375, Current Mhz: 1700, Mhz Limit: 2375

Memory: 4k page, system-wide physical 7541M (636M free)
TotalPageFile size 31093M (AvailPageFile size 6M)
current process WorkingSet (physical memory assigned to process): 183M, peak: 183M
current process commit charge ("private bytes"): 223M, peak: 237M

vm_info: OpenJDK 64-Bit Server VM (21.0.7+-13880790-b1038.58) for windows-amd64 JRE (21.0.7+-13880790-b1038.58), built on 2025-08-04T20:56:21Z by "builder" with MS VC++ 16.10 / 16.11 (VS2019)

END.
